/home/apacsc03/cuda-12.9/bin/nvcc
nvcc: NVIDIA (R) Cuda compiler driver
Copyright (c) 2005-2025 NVIDIA Corporation
Built on Wed_Apr__9_19:24:57_PDT_2025
Cuda compilation tools, release 12.9, V12.9.41
Build cuda_12.9.r12.9/compiler.35813241_0
GPU 0: NVIDIA H200 (UUID: GPU-e6ed95f0-0e8f-f804-f205-aea9c25f1ac3)
GPU 1: NVIDIA H200 (UUID: GPU-2f69f949-296d-654f-c334-7014e8586a1e)
GPU 2: NVIDIA H200 (UUID: GPU-c295f81a-26b6-1f8d-7b94-ce31bcb59f84)
GPU 3: NVIDIA H200 (UUID: GPU-309eb8b2-836c-10cc-819c-f17aadf8f9f8)
GPU 4: NVIDIA H200 (UUID: GPU-c2400d2f-339f-7e31-8b2c-738ca1afe858)
GPU 5: NVIDIA H200 (UUID: GPU-51c4a066-a47b-13f0-dd20-f99835f53077)
GPU 6: NVIDIA H200 (UUID: GPU-e1bd4c6e-5dd8-6830-4144-c6aa15c1b308)
GPU 7: NVIDIA H200 (UUID: GPU-d9c437ee-d425-32bc-d1b2-41f6c77673b2)
DIST_INIT_ADDR=g1
0: TRITON_CACHE_DIR=/tmp/triton/352/node0/rank0
1: TRITON_CACHE_DIR=/tmp/triton/352/node1/rank1
0: profile dir: /home/apacsc03/sgprofile/node0
1: profile dir: /home/apacsc03/sgprofile/node1
0: All deep_gemm operations loaded successfully!
1: All deep_gemm operations loaded successfully!
0: [Gloo] Rank 0 is connected to 15 peer ranks. Expected number of connected peer ranks is : 15
0: [Gloo] Rank 1 is connected to 15 peer ranks. Expected number of connected peer ranks is : 15
0: [Gloo] Rank 2 is connected to 15 peer ranks. Expected number of connected peer ranks is : 15
0: [Gloo] Rank 3 is connected to 15 peer ranks. Expected number of connected peer ranks is : 15
0: [Gloo] Rank 4 is connected to 15 peer ranks. Expected number of connected peer ranks is : 15
0: [Gloo] Rank 5 is connected to 15 peer ranks. Expected number of connected peer ranks is : 15
1: [Gloo] Rank 14 is connected to 15 peer ranks. Expected number of connected peer ranks is : 15
0: [Gloo] Rank 6 is connected to 15 peer ranks. Expected number of connected peer ranks is : 15
1: [Gloo] Rank 8 is connected to 15 peer ranks. Expected number of connected peer ranks is : 15
0: [Gloo] Rank 7 is connected to 15 peer ranks. Expected number of connected peer ranks is : 15
1: [Gloo] Rank 9 is connected to 15 peer ranks. Expected number of connected peer ranks is : 15
1: [Gloo] Rank 10 is connected to 15 peer ranks. Expected number of connected peer ranks is : 15
1: [Gloo] Rank 12 is connected to 15 peer ranks. Expected number of connected peer ranks is : 15
1: [Gloo] Rank 13 is connected to 15 peer ranks. Expected number of connected peer ranks is : 15
1: [Gloo] Rank 11 is connected to 15 peer ranks. Expected number of connected peer ranks is : 15
1: [Gloo] Rank 15 is connected to 15 peer ranks. Expected number of connected peer ranks is : 15
0: [Gloo] Rank 0 is connected to 15 peer ranks. Expected number of connected peer ranks is : 15
0: [Gloo] Rank 1 is connected to 15 peer ranks. Expected number of connected peer ranks is : 15
0: [Gloo] Rank 2 is connected to 15 peer ranks. Expected number of connected peer ranks is : 15
0: [Gloo] Rank 3 is connected to 15 peer ranks. Expected number of connected peer ranks is : 15
0: [Gloo] Rank 4 is connected to 15 peer ranks. Expected number of connected peer ranks is : 15
0: [Gloo] Rank 5 is connected to 15 peer ranks. Expected number of connected peer ranks is : 15
1: [Gloo] Rank 9 is connected to 15 peer ranks. Expected number of connected peer ranks is : 15
0: [Gloo] Rank 6 is connected to 15 peer ranks. Expected number of connected peer ranks is : 15
1: [Gloo] Rank 8 is connected to 15 peer ranks. Expected number of connected peer ranks is : 15
1: [Gloo] Rank 10 is connected to 15 peer ranks. Expected number of connected peer ranks is : 15
0: [Gloo] Rank 7 is connected to 15 peer ranks. Expected number of connected peer ranks is : 15
1: [Gloo] Rank 11 is connected to 15 peer ranks. Expected number of connected peer ranks is : 15
1: [Gloo] Rank 13 is connected to 15 peer ranks. Expected number of connected peer ranks is : 15
1: [Gloo] Rank 12 is connected to 15 peer ranks. Expected number of connected peer ranks is : 15
1: [Gloo] Rank 14 is connected to 15 peer ranks. Expected number of connected peer ranks is : 15
1: [Gloo] Rank 15 is connected to 15 peer ranks. Expected number of connected peer ranks is : 15
0: [Gloo] Rank 0 is connected to 0 peer ranks. Expected number of connected peer ranks is : 0
0: [Gloo] Rank 0 is connected to 0 peer ranks. Expected number of connected peer ranks is : 0
0: [Gloo] Rank 0 is connected to 0 peer ranks. Expected number of connected peer ranks is : 0
0: [Gloo] Rank 0 is connected to 0 peer ranks. Expected number of connected peer ranks is : 0
0: [Gloo] Rank 0 is connected to 0 peer ranks. Expected number of connected peer ranks is : 0
0: [Gloo] Rank 0 is connected to 0 peer ranks. Expected number of connected peer ranks is : 0
0: [Gloo] Rank 0 is connected to 0 peer ranks. Expected number of connected peer ranks is : 0
0: NCCL version 2.27.3+cuda12.9
0: [Gloo] Rank 0 is connected to 0 peer ranks. Expected number of connected peer ranks is : 0
0: [Gloo] Rank 0 is connected to 0 peer ranks. Expected number of connected peer ranks is : 0
0: [Gloo] Rank 0 is connected to 0 peer ranks. Expected number of connected peer ranks is : 0
0: [Gloo] Rank 0 is connected to 0 peer ranks. Expected number of connected peer ranks is : 0
0: [Gloo] Rank 0 is connected to 0 peer ranks. Expected number of connected peer ranks is : 0
0: [Gloo] Rank 0 is connected to 0 peer ranks. Expected number of connected peer ranks is : 0
1: [Gloo] Rank 0 is connected to 0 peer ranks. Expected number of connected peer ranks is : 0
1: [Gloo] Rank 0 is connected to 0 peer ranks. Expected number of connected peer ranks is : 0
1: [Gloo] Rank 0 is connected to 0 peer ranks. Expected number of connected peer ranks is : 0
1: [Gloo] Rank 0 is connected to 0 peer ranks. Expected number of connected peer ranks is : 0
0: [Gloo] Rank 0 is connected to 0 peer ranks. Expected number of connected peer ranks is : 0
1: [Gloo] Rank 0 is connected to 0 peer ranks. Expected number of connected peer ranks is : 0
0: [Gloo] Rank 0 is connected to 0 peer ranks. Expected number of connected peer ranks is : 0
1: [Gloo] Rank 0 is connected to 0 peer ranks. Expected number of connected peer ranks is : 0
0: [Gloo] Rank 0 is connected to 0 peer ranks. Expected number of connected peer ranks is : 0
1: [Gloo] Rank 0 is connected to 0 peer ranks. Expected number of connected peer ranks is : 0
1: [Gloo] Rank 0 is connected to 0 peer ranks. Expected number of connected peer ranks is : 0
1: [Gloo] Rank 0 is connected to 0 peer ranks. Expected number of connected peer ranks is : 0
1: [Gloo] Rank 0 is connected to 0 peer ranks. Expected number of connected peer ranks is : 0
1: [Gloo] Rank 0 is connected to 0 peer ranks. Expected number of connected peer ranks is : 0
1: [Gloo] Rank 0 is connected to 0 peer ranks. Expected number of connected peer ranks is : 0
1: [Gloo] Rank 0 is connected to 0 peer ranks. Expected number of connected peer ranks is : 0
1: [Gloo] Rank 0 is connected to 0 peer ranks. Expected number of connected peer ranks is : 0
1: [Gloo] Rank 0 is connected to 0 peer ranks. Expected number of connected peer ranks is : 0
1: [Gloo] Rank 0 is connected to 0 peer ranks. Expected number of connected peer ranks is : 0
0: [Gloo] Rank 0 is connected to 15 peer ranks. Expected number of connected peer ranks is : 15
0: [Gloo] Rank 1 is connected to 15 peer ranks. Expected number of connected peer ranks is : 15
0: [Gloo] Rank 2 is connected to 15 peer ranks. Expected number of connected peer ranks is : 15
0: [Gloo] Rank 3 is connected to 15 peer ranks. Expected number of connected peer ranks is : 15
0: [Gloo] Rank 4 is connected to 15 peer ranks. Expected number of connected peer ranks is : 15
0: [Gloo] Rank 5 is connected to 15 peer ranks. Expected number of connected peer ranks is : 15
1: [Gloo] Rank 8 is connected to 15 peer ranks. Expected number of connected peer ranks is : 15
0: [Gloo] Rank 6 is connected to 15 peer ranks. Expected number of connected peer ranks is : 15
1: [Gloo] Rank 9 is connected to 15 peer ranks. Expected number of connected peer ranks is : 15
0: [Gloo] Rank 7 is connected to 15 peer ranks. Expected number of connected peer ranks is : 15
1: [Gloo] Rank 10 is connected to 15 peer ranks. Expected number of connected peer ranks is : 15
1: [Gloo] Rank 13 is connected to 15 peer ranks. Expected number of connected peer ranks is : 15
1: [Gloo] Rank 11 is connected to 15 peer ranks. Expected number of connected peer ranks is : 15
1: [Gloo] Rank 15 is connected to 15 peer ranks. Expected number of connected peer ranks is : 15
1: [Gloo] Rank 12 is connected to 15 peer ranks. Expected number of connected peer ranks is : 15
1: [Gloo] Rank 14 is connected to 15 peer ranks. Expected number of connected peer ranks is : 15
0: All deep_gemm operations loaded successfully!
1: All deep_gemm operations loaded successfully!
0: All deep_gemm operations loaded successfully!
1: All deep_gemm operations loaded successfully!
0: All deep_gemm operations loaded successfully!
1: All deep_gemm operations loaded successfully!
0: All deep_gemm operations loaded successfully!
1: All deep_gemm operations loaded successfully!
0: All deep_gemm operations loaded successfully!
1: All deep_gemm operations loaded successfully!
0: All deep_gemm operations loaded successfully!
1: All deep_gemm operations loaded successfully!
0: All deep_gemm operations loaded successfully!
1: All deep_gemm operations loaded successfully!
0: All deep_gemm operations loaded successfully!
1: All deep_gemm operations loaded successfully!
0: #Input tokens: 626729
0: #Output tokens: 388685
0: #Input tokens: 4096
0: #Output tokens: 256
0: 
0: ====== Offline Throughput Benchmark Result =======
0: Backend:                                 engine    
0: Successful requests:                     2000      
0: Benchmark duration (s):                  101.00    
0: Total input tokens:                      626729    
0: Total generated tokens:                  388685    
0: Last generation throughput (tok/s):      71.95     
0: Request throughput (req/s):              19.80     
0: Input token throughput (tok/s):          6205.30   
0: Output token throughput (tok/s):         3848.40   
0: Total token throughput (tok/s):          10053.70  
0: ==================================================
