1: /home/apacsc03/py312/lib/python3.13/site-packages/torch/cuda/__init__.py:63: FutureWarning: The pynvml package is deprecated. Please install nvidia-ml-py instead. If you did not install pynvml directly, please report this to the maintainers of the package that installed pynvml for you.
1:   import pynvml  # type: ignore[import]
0: /home/apacsc03/py312/lib/python3.13/site-packages/torch/cuda/__init__.py:63: FutureWarning: The pynvml package is deprecated. Please install nvidia-ml-py instead. If you did not install pynvml directly, please report this to the maintainers of the package that installed pynvml for you.
0:   import pynvml  # type: ignore[import]
1: `torch_dtype` is deprecated! Use `dtype` instead!
0: `torch_dtype` is deprecated! Use `dtype` instead!
1: All deep_gemm operations loaded successfully!
0: All deep_gemm operations loaded successfully!
0: [2025-09-29 17:01:24] Using default HuggingFace chat template with detected content format: string
0: /home/apacsc03/py312/lib/python3.13/site-packages/torch/cuda/__init__.py:63: FutureWarning: The pynvml package is deprecated. Please install nvidia-ml-py instead. If you did not install pynvml directly, please report this to the maintainers of the package that installed pynvml for you.
0:   import pynvml  # type: ignore[import]
0: /home/apacsc03/py312/lib/python3.13/site-packages/torch/cuda/__init__.py:63: FutureWarning: The pynvml package is deprecated. Please install nvidia-ml-py instead. If you did not install pynvml directly, please report this to the maintainers of the package that installed pynvml for you.
0:   import pynvml  # type: ignore[import]
0: /home/apacsc03/py312/lib/python3.13/site-packages/torch/cuda/__init__.py:63: FutureWarning: The pynvml package is deprecated. Please install nvidia-ml-py instead. If you did not install pynvml directly, please report this to the maintainers of the package that installed pynvml for you.
0:   import pynvml  # type: ignore[import]
0: /home/apacsc03/py312/lib/python3.13/site-packages/torch/cuda/__init__.py:63: FutureWarning: The pynvml package is deprecated. Please install nvidia-ml-py instead. If you did not install pynvml directly, please report this to the maintainers of the package that installed pynvml for you.
0:   import pynvml  # type: ignore[import]
0: /home/apacsc03/py312/lib/python3.13/site-packages/torch/cuda/__init__.py:63: FutureWarning: The pynvml package is deprecated. Please install nvidia-ml-py instead. If you did not install pynvml directly, please report this to the maintainers of the package that installed pynvml for you.
0:   import pynvml  # type: ignore[import]
0: /home/apacsc03/py312/lib/python3.13/site-packages/torch/cuda/__init__.py:63: FutureWarning: The pynvml package is deprecated. Please install nvidia-ml-py instead. If you did not install pynvml directly, please report this to the maintainers of the package that installed pynvml for you.
0:   import pynvml  # type: ignore[import]
0: /home/apacsc03/py312/lib/python3.13/site-packages/torch/cuda/__init__.py:63: FutureWarning: The pynvml package is deprecated. Please install nvidia-ml-py instead. If you did not install pynvml directly, please report this to the maintainers of the package that installed pynvml for you.
0:   import pynvml  # type: ignore[import]
0: /home/apacsc03/py312/lib/python3.13/site-packages/torch/cuda/__init__.py:63: FutureWarning: The pynvml package is deprecated. Please install nvidia-ml-py instead. If you did not install pynvml directly, please report this to the maintainers of the package that installed pynvml for you.
0:   import pynvml  # type: ignore[import]
0: /home/apacsc03/py312/lib/python3.13/site-packages/torch/cuda/__init__.py:63: FutureWarning: The pynvml package is deprecated. Please install nvidia-ml-py instead. If you did not install pynvml directly, please report this to the maintainers of the package that installed pynvml for you.
0:   import pynvml  # type: ignore[import]
1: /home/apacsc03/py312/lib/python3.13/site-packages/torch/cuda/__init__.py:63: FutureWarning: The pynvml package is deprecated. Please install nvidia-ml-py instead. If you did not install pynvml directly, please report this to the maintainers of the package that installed pynvml for you.
1:   import pynvml  # type: ignore[import]
1: /home/apacsc03/py312/lib/python3.13/site-packages/torch/cuda/__init__.py:63: FutureWarning: The pynvml package is deprecated. Please install nvidia-ml-py instead. If you did not install pynvml directly, please report this to the maintainers of the package that installed pynvml for you.
1:   import pynvml  # type: ignore[import]
1: /home/apacsc03/py312/lib/python3.13/site-packages/torch/cuda/__init__.py:63: FutureWarning: The pynvml package is deprecated. Please install nvidia-ml-py instead. If you did not install pynvml directly, please report this to the maintainers of the package that installed pynvml for you.
1:   import pynvml  # type: ignore[import]
1: /home/apacsc03/py312/lib/python3.13/site-packages/torch/cuda/__init__.py:63: FutureWarning: The pynvml package is deprecated. Please install nvidia-ml-py instead. If you did not install pynvml directly, please report this to the maintainers of the package that installed pynvml for you.
1:   import pynvml  # type: ignore[import]
1: /home/apacsc03/py312/lib/python3.13/site-packages/torch/cuda/__init__.py:63: FutureWarning: The pynvml package is deprecated. Please install nvidia-ml-py instead. If you did not install pynvml directly, please report this to the maintainers of the package that installed pynvml for you.
1:   import pynvml  # type: ignore[import]
1: /home/apacsc03/py312/lib/python3.13/site-packages/torch/cuda/__init__.py:63: FutureWarning: The pynvml package is deprecated. Please install nvidia-ml-py instead. If you did not install pynvml directly, please report this to the maintainers of the package that installed pynvml for you.
1:   import pynvml  # type: ignore[import]
1: /home/apacsc03/py312/lib/python3.13/site-packages/torch/cuda/__init__.py:63: FutureWarning: The pynvml package is deprecated. Please install nvidia-ml-py instead. If you did not install pynvml directly, please report this to the maintainers of the package that installed pynvml for you.
1:   import pynvml  # type: ignore[import]
1: /home/apacsc03/py312/lib/python3.13/site-packages/torch/cuda/__init__.py:63: FutureWarning: The pynvml package is deprecated. Please install nvidia-ml-py instead. If you did not install pynvml directly, please report this to the maintainers of the package that installed pynvml for you.
1:   import pynvml  # type: ignore[import]
srun: Job step aborted: Waiting up to 5 seconds for job step to finish.
0: [2025-09-29T17:01:39.166] error: *** STEP 501.3 ON g1 CANCELLED AT 2025-09-29T17:01:39 DUE to SIGNAL Terminated ***
