/home/apacsc03/cuda-12.9/bin/nvcc
nvcc: NVIDIA (R) Cuda compiler driver
Copyright (c) 2005-2025 NVIDIA Corporation
Built on Wed_Apr__9_19:24:57_PDT_2025
Cuda compilation tools, release 12.9, V12.9.41
Build cuda_12.9.r12.9/compiler.35813241_0
GPU 0: NVIDIA H200 (UUID: GPU-ee13b023-69f3-fb74-f693-13112d8071a2)
GPU 1: NVIDIA H200 (UUID: GPU-49e8121b-d90d-161c-1bef-d9d6ac667a9c)
GPU 2: NVIDIA H200 (UUID: GPU-76a66b7a-512a-7596-9875-18073cfd8936)
GPU 3: NVIDIA H200 (UUID: GPU-24cbf403-27ea-84c1-0e12-340d3887aa0b)
GPU 4: NVIDIA H200 (UUID: GPU-16f20d52-0ce5-2349-7b96-36d4794dc170)
GPU 5: NVIDIA H200 (UUID: GPU-c68d2092-24e8-a1ad-c92a-773ebc3ea109)
GPU 6: NVIDIA H200 (UUID: GPU-d7032551-eb78-35c0-9b15-0dab26c935d6)
GPU 7: NVIDIA H200 (UUID: GPU-ce3aaf04-1f14-907e-ed5b-77fdcc651a62)
DIST_INIT_ADDR=g3
1: TRITON_CACHE_DIR=/tmp/triton/490/node1/rank1
1: profile dir: /home/apacsc03/sgprofile/node1
0: TRITON_CACHE_DIR=/tmp/triton/490/node0/rank0
0: profile dir: /home/apacsc03/sgprofile/node0
1: All deep_gemm operations loaded successfully!
0: All deep_gemm operations loaded successfully!
1: All deep_gemm operations loaded successfully!
0: All deep_gemm operations loaded successfully!
0: [Gloo] Rank 0 is connected to 15 peer ranks. Expected number of connected peer ranks is : 15
0: [Gloo] Rank 1 is connected to 15 peer ranks. Expected number of connected peer ranks is : 15
0: [Gloo] Rank 2 is connected to 15 peer ranks. Expected number of connected peer ranks is : 15
0: [Gloo] Rank 3 is connected to 15 peer ranks. Expected number of connected peer ranks is : 15
1: [Gloo] Rank 13 is connected to 15 peer ranks. Expected number of connected peer ranks is : 15
0: [Gloo] Rank 4 is connected to 15 peer ranks. Expected number of connected peer ranks is : 15
0: [Gloo] Rank 5 is connected to 15 peer ranks. Expected number of connected peer ranks is : 15
0: [Gloo] Rank 6 is connected to 15 peer ranks. Expected number of connected peer ranks is : 15
0: [Gloo] Rank 7 is connected to 15 peer ranks. Expected number of connected peer ranks is : 15
1: [Gloo] Rank 8 is connected to 15 peer ranks. Expected number of connected peer ranks is : 15
1: [Gloo] Rank 9 is connected to 15 peer ranks. Expected number of connected peer ranks is : 15
1: [Gloo] Rank 10 is connected to 15 peer ranks. Expected number of connected peer ranks is : 15
1: [Gloo] Rank 11 is connected to 15 peer ranks. Expected number of connected peer ranks is : 15
1: [Gloo] Rank 12 is connected to 15 peer ranks. Expected number of connected peer ranks is : 15
1: [Gloo] Rank 14 is connected to 15 peer ranks. Expected number of connected peer ranks is : 15
1: [Gloo] Rank 15 is connected to 15 peer ranks. Expected number of connected peer ranks is : 15
0: [Gloo] Rank 0 is connected to 15 peer ranks. Expected number of connected peer ranks is : 15
0: [Gloo] Rank 1 is connected to 15 peer ranks. Expected number of connected peer ranks is : 15
0: [Gloo] Rank 2 is connected to 15 peer ranks. Expected number of connected peer ranks is : 15
0: [Gloo] Rank 3 is connected to 15 peer ranks. Expected number of connected peer ranks is : 15
0: [Gloo] Rank 4 is connected to 15 peer ranks. Expected number of connected peer ranks is : 15
0: [Gloo] Rank 5 is connected to 15 peer ranks. Expected number of connected peer ranks is : 15
0: [Gloo] Rank 6 is connected to 15 peer ranks. Expected number of connected peer ranks is : 15
0: [Gloo] Rank 7 is connected to 15 peer ranks. Expected number of connected peer ranks is : 15
1: [Gloo] Rank 8 is connected to 15 peer ranks. Expected number of connected peer ranks is : 15
1: [Gloo] Rank 9 is connected to 15 peer ranks. Expected number of connected peer ranks is : 15
1: [Gloo] Rank 10 is connected to 15 peer ranks. Expected number of connected peer ranks is : 15
1: [Gloo] Rank 11 is connected to 15 peer ranks. Expected number of connected peer ranks is : 15
1: [Gloo] Rank 12 is connected to 15 peer ranks. Expected number of connected peer ranks is : 15
1: [Gloo] Rank 13 is connected to 15 peer ranks. Expected number of connected peer ranks is : 15
1: [Gloo] Rank 14 is connected to 15 peer ranks. Expected number of connected peer ranks is : 15
1: [Gloo] Rank 15 is connected to 15 peer ranks. Expected number of connected peer ranks is : 15
0: [Gloo] Rank 0 is connected to 0 peer ranks. Expected number of connected peer ranks is : 0
0: [Gloo] Rank 0 is connected to 0 peer ranks. Expected number of connected peer ranks is : 0
0: [Gloo] Rank 0 is connected to 0 peer ranks. Expected number of connected peer ranks is : 0
0: [Gloo] Rank 0 is connected to 0 peer ranks. Expected number of connected peer ranks is : 0
0: [Gloo] Rank 0 is connected to 0 peer ranks. Expected number of connected peer ranks is : 0
0: [Gloo] Rank 0 is connected to 0 peer ranks. Expected number of connected peer ranks is : 0
1: [Gloo] Rank 0 is connected to 0 peer ranks. Expected number of connected peer ranks is : 0
0: [Gloo] Rank 0 is connected to 0 peer ranks. Expected number of connected peer ranks is : 0
1: [Gloo] Rank 0 is connected to 0 peer ranks. Expected number of connected peer ranks is : 0
1: [Gloo] Rank 0 is connected to 0 peer ranks. Expected number of connected peer ranks is : 0
1: [Gloo] Rank 0 is connected to 0 peer ranks. Expected number of connected peer ranks is : 0
1: [Gloo] Rank 0 is connected to 0 peer ranks. Expected number of connected peer ranks is : 0
1: [Gloo] Rank 0 is connected to 0 peer ranks. Expected number of connected peer ranks is : 0
1: [Gloo] Rank 0 is connected to 0 peer ranks. Expected number of connected peer ranks is : 0
1: [Gloo] Rank 0 is connected to 0 peer ranks. Expected number of connected peer ranks is : 0
0: [Gloo] Rank 0 is connected to 0 peer ranks. Expected number of connected peer ranks is : 0
0: [Gloo] Rank 0 is connected to 0 peer ranks. Expected number of connected peer ranks is : 0
1: [Gloo] Rank 0 is connected to 0 peer ranks. Expected number of connected peer ranks is : 0
0: [Gloo] Rank 0 is connected to 0 peer ranks. Expected number of connected peer ranks is : 0
1: [Gloo] Rank 0 is connected to 0 peer ranks. Expected number of connected peer ranks is : 0
0: [Gloo] Rank 0 is connected to 0 peer ranks. Expected number of connected peer ranks is : 0
1: [Gloo] Rank 0 is connected to 0 peer ranks. Expected number of connected peer ranks is : 0
1: [Gloo] Rank 0 is connected to 0 peer ranks. Expected number of connected peer ranks is : 0
1: [Gloo] Rank 0 is connected to 0 peer ranks. Expected number of connected peer ranks is : 0
1: [Gloo] Rank 0 is connected to 0 peer ranks. Expected number of connected peer ranks is : 0
0: [Gloo] Rank 0 is connected to 0 peer ranks. Expected number of connected peer ranks is : 0
1: [Gloo] Rank 0 is connected to 0 peer ranks. Expected number of connected peer ranks is : 0
0: [Gloo] Rank 0 is connected to 0 peer ranks. Expected number of connected peer ranks is : 0
1: [Gloo] Rank 0 is connected to 0 peer ranks. Expected number of connected peer ranks is : 0
0: [Gloo] Rank 0 is connected to 0 peer ranks. Expected number of connected peer ranks is : 0
0: [Gloo] Rank 0 is connected to 0 peer ranks. Expected number of connected peer ranks is : 0
0: [Gloo] Rank 0 is connected to 0 peer ranks. Expected number of connected peer ranks is : 0
0: [Gloo] Rank 3 is connected to 7 peer ranks. Expected number of connected peer ranks is : 7
0: [Gloo] Rank 5 is connected to 7 peer ranks. Expected number of connected peer ranks is : 7
0: [Gloo] Rank 6 is connected to 7 peer ranks. Expected number of connected peer ranks is : 7
0: [Gloo] Rank 0 is connected to 7 peer ranks. Expected number of connected peer ranks is : 7
0: [Gloo] Rank 1 is connected to 7 peer ranks. Expected number of connected peer ranks is : 7
0: [Gloo] Rank 2 is connected to 7 peer ranks. Expected number of connected peer ranks is : 7
0: [Gloo] Rank 4 is connected to 7 peer ranks. Expected number of connected peer ranks is : 7
0: [Gloo] Rank 7 is connected to 7 peer ranks. Expected number of connected peer ranks is : 7
1: [Gloo] Rank 1 is connected to 7 peer ranks. Expected number of connected peer ranks is : 7
1: [Gloo] Rank 0 is connected to 7 peer ranks. Expected number of connected peer ranks is : 7
1: [Gloo] Rank 3 is connected to 7 peer ranks. Expected number of connected peer ranks is : 7
1: [Gloo] Rank 2 is connected to 7 peer ranks. Expected number of connected peer ranks is : 7
1: [Gloo] Rank 4 is connected to 7 peer ranks. Expected number of connected peer ranks is : 7
1: [Gloo] Rank 7 is connected to 7 peer ranks. Expected number of connected peer ranks is : 7
1: [Gloo] Rank 6 is connected to 7 peer ranks. Expected number of connected peer ranks is : 7
1: [Gloo] Rank 5 is connected to 7 peer ranks. Expected number of connected peer ranks is : 7
0: All deep_gemm operations loaded successfully!
1: All deep_gemm operations loaded successfully!
1: All deep_gemm operations loaded successfully!
0: All deep_gemm operations loaded successfully!
1: All deep_gemm operations loaded successfully!
0: All deep_gemm operations loaded successfully!
1: All deep_gemm operations loaded successfully!
0: All deep_gemm operations loaded successfully!
1: All deep_gemm operations loaded successfully!
0: All deep_gemm operations loaded successfully!
1: All deep_gemm operations loaded successfully!
0: All deep_gemm operations loaded successfully!
1: All deep_gemm operations loaded successfully!
0: All deep_gemm operations loaded successfully!
1: All deep_gemm operations loaded successfully!
0: All deep_gemm operations loaded successfully!
0: #Input tokens: 626729
0: #Output tokens: 388685
0: #Input tokens: 4096
0: #Output tokens: 256
0: 
0: ====== Offline Throughput Benchmark Result =======
0: Backend:                                 engine    
0: Successful requests:                     2000      
0: Benchmark duration (s):                  98.22     
0: Total input tokens:                      626729    
0: Total generated tokens:                  388685    
0: Last generation throughput (tok/s):      38.44     
0: Request throughput (req/s):              20.36     
0: Input token throughput (tok/s):          6381.02   
0: Output token throughput (tok/s):         3957.38   
0: Total token throughput (tok/s):          10338.41  
0: ==================================================
